<?xml version="1.0" encoding="UTF-8"?>
<testng-results ignored="0" total="1" passed="1" failed="0" skipped="0">
  <reporter-output>
  </reporter-output>
  <suite started-at="2024-03-05T15:16:16 MEZ" name="Default Suite" finished-at="2024-03-05T15:16:32 MEZ" duration-ms="15436">
    <groups>
    </groups>
    <test started-at="2024-03-05T15:16:16 MEZ" name="POM_DEMO_ARMAN" finished-at="2024-03-05T15:16:32 MEZ" duration-ms="15436">
      <class name="tests.registrationTest">
        <test-method is-config="true" signature="setUpBrowser()[pri:0, instance:tests.registrationTest@212bf671]" started-at="2024-03-05T15:16:16 MEZ" name="setUpBrowser" finished-at="2024-03-05T15:16:21 MEZ" duration-ms="5067" status="PASS">
          <reporter-output>
          </reporter-output>
        </test-method> <!-- setUpBrowser -->
        <test-method signature="enterRegistrationDetails()[pri:0, instance:tests.registrationTest@212bf671]" started-at="2024-03-05T15:16:21 MEZ" name="enterRegistrationDetails" finished-at="2024-03-05T15:16:31 MEZ" duration-ms="10226" status="PASS">
          <reporter-output>
          </reporter-output>
        </test-method> <!-- enterRegistrationDetails -->
        <test-method is-config="true" signature="closeBrowser()[pri:0, instance:tests.registrationTest@212bf671]" started-at="2024-03-05T15:16:31 MEZ" name="closeBrowser" finished-at="2024-03-05T15:16:32 MEZ" duration-ms="122" status="PASS">
          <reporter-output>
          </reporter-output>
        </test-method> <!-- closeBrowser -->
      </class> <!-- tests.registrationTest -->
    </test> <!-- POM_DEMO_ARMAN -->
  </suite> <!-- Default Suite -->
</testng-results>
